<?xml version="1.0" encoding="UTF-8"?>
<testng-results ignored="0" total="1" passed="1" failed="0" skipped="0">
  <reporter-output>
  </reporter-output>
  <suite started-at="2024-01-30T22:09:48 EST" name="Surefire suite" finished-at="2024-01-30T22:09:54 EST" duration-ms="6409">
    <groups>
    </groups>
    <test started-at="2024-01-30T22:09:48 EST" name="Surefire test" finished-at="2024-01-30T22:09:54 EST" duration-ms="6409">
      <class name="com.herokuapp.theinternet.PositiveTests">
        <test-method signature="loginTest()[pri:0, instance:com.herokuapp.theinternet.PositiveTests@527e5409]" started-at="2024-01-30T22:09:48 EST" name="loginTest" finished-at="2024-01-30T22:09:54 EST" duration-ms="6385" status="PASS">
          <reporter-output>
          </reporter-output>
        </test-method> <!-- loginTest -->
      </class> <!-- com.herokuapp.theinternet.PositiveTests -->
    </test> <!-- Surefire test -->
  </suite> <!-- Surefire suite -->
</testng-results>
